00:00:00.000679 main     VirtualBox COM Server 6.1.16 r140961 win.amd64 (Oct 16 2020 16:33:17) release log
00:00:00.000681 main     Log opened 2020-12-15T23:11:35.431658200Z
00:00:00.000682 main     Build Type: release
00:00:00.000685 main     OS Product: Windows 10
00:00:00.000686 main     OS Release: 10.0.18363
00:00:00.000687 main     OS Service Pack: 
00:00:00.027368 main     DMI Product Name: 81YK
00:00:00.037115 main     DMI Product Version: IdeaPad 5 15IIL05
00:00:00.037154 main     Firmware type: UEFI
00:00:00.037567 main     Secure Boot: VERR_PRIVILEGE_NOT_HELD
00:00:00.037583 main     Host RAM: 12063MB (11.7GB) total, 6560MB (6.4GB) available
00:00:00.037592 main     Executable: C:\Program Files\Oracle\VirtualBox\VBoxSVC.exe
00:00:00.037592 main     Process ID: 15608
00:00:00.037593 main     Package type: WINDOWS_64BITS_GENERIC
00:00:00.344818          VirtualBox: object creation starts
00:00:00.344993          Home directory: 'C:\Users\mgisl\.VirtualBox'
00:00:00.345086          Installed Drivers:
00:00:00.348663            C:\Windows\system32\DRIVERS\VBoxDrv.sys (Version: 6.1.16.40961)
00:00:00.349205            C:\Windows\system32\DRIVERS\VBoxUSBMon.sys (Version: 6.1.16.40961)
00:00:00.349502            C:\Windows\system32\DRIVERS\VBoxNetAdp6.sys (Version: 6.1.16.40961)
00:00:00.349810            C:\Windows\system32\DRIVERS\VBoxNetLwf.sys (Version: 6.1.16.40961)
00:00:00.350191          Loading settings file "C:\Users\mgisl\.VirtualBox\VirtualBox.xml" with version "1.12-windows"
00:00:00.352811          usbLibGetDevices: Starting USB device enumeration
00:00:00.378621          Getting USB descriptor (id 0) failed (dwErr=31) on hub USB#ROOT_HUB30#4&b0eb0c1&0&0#{f18a0e88-c30c-11d0-8815-00a0c906bed8} port 5
00:00:00.378708          Getting USB descriptor (id 0) failed (dwErr=31) on hub USB#ROOT_HUB30#4&b0eb0c1&0&0#{f18a0e88-c30c-11d0-8815-00a0c906bed8} port 7
00:00:00.378758          Getting USB descriptor (id 0) failed (dwErr=31) on hub USB#ROOT_HUB30#4&b0eb0c1&0&0#{f18a0e88-c30c-11d0-8815-00a0c906bed8} port 10
00:00:00.380417          usbLibGetDevices: Found 3 USB devices, 0 captured
00:00:00.380454          USB: Unknown USB device detected (idVendor: 0x04f3, idProduct: 0x0c58)
00:00:00.380512          USB: Unknown USB device detected (idVendor: 0x13d3, idProduct: 0x56ff)
00:00:00.380524          USB: Unknown USB device detected (idVendor: 0x8087, idProduct: 0x0026)
00:00:00.412790          HostDnsMonitor: initializing
00:00:00.419719          HostDnsMonitor: updating information
00:00:00.419744          HostDnsMonitor: old information
00:00:00.419744            no server entries
00:00:00.419745            no domain set
00:00:00.419745            no search string entries
00:00:00.419746          HostDnsMonitor: new information
00:00:00.419746            server 1: 192.168.1.254
00:00:00.419747            domain: attlocal.net
00:00:00.419747            no search string entries
00:00:00.465712          VD: VDInit finished with VINF_SUCCESS
00:00:00.466787          VirtualBox: object created
00:00:01.368837          Saving settings file "C:\Users\mgisl\.VirtualBox\VirtualBox.xml" with version "1.12-windows"
00:00:01.373690          Saving settings file "C:\Users\mgisl\.VirtualBox\VirtualBox.xml" with version "1.12-windows"
00:00:49.279039 createBase Saving settings file "C:\Users\mgisl\.VirtualBox\VirtualBox.xml" with version "1.12-windows"
00:00:49.800834          Saving settings file "C:\Users\mgisl\VirtualBox VMs\centOs8 Project\centOs8 Project.vbox" with version "1.16-windows"
00:00:49.804903          Saving settings file "C:\Users\mgisl\VirtualBox VMs\centOs8 Project\centOs8 Project.vbox" with version "1.16-windows"
00:00:49.806480          Saving settings file "C:\Users\mgisl\.VirtualBox\VirtualBox.xml" with version "1.12-windows"
00:00:49.811780          Saving settings file "C:\Users\mgisl\.VirtualBox\VirtualBox.xml" with version "1.12-windows"
00:00:49.814101          Saving settings file "C:\Users\mgisl\VirtualBox VMs\centOs8 Project\centOs8 Project.vbox" with version "1.16-windows"
00:00:54.394496          Saving settings file "C:\Users\mgisl\.VirtualBox\VirtualBox.xml" with version "1.12-windows"
00:00:54.397733          Saving settings file "C:\Users\mgisl\.VirtualBox\VirtualBox.xml" with version "1.12-windows"
00:00:54.402853          Saving settings file "C:\Users\mgisl\.VirtualBox\VirtualBox.xml" with version "1.12-windows"
00:00:54.406283          Saving settings file "C:\Users\mgisl\.VirtualBox\VirtualBox.xml" with version "1.12-windows"
00:00:54.408864          Saving settings file "C:\Users\mgisl\.VirtualBox\VirtualBox.xml" with version "1.12-windows"
00:01:14.268043          Saving settings file "C:\Users\mgisl\.VirtualBox\VirtualBox.xml" with version "1.12-windows"
00:01:14.270096          ERROR [COM]: aRC=VBOX_E_OBJECT_NOT_FOUND (0x80bb0001) aIID={85632c68-b5bb-4316-a900-5eb28d3413df} aComponent={SessionMachine} aText={No storage device attached to device slot 0 on port 0 of controller 'IDE'}, preserve=false aResultDetail=0
00:01:14.272597          Saving settings file "C:\Users\mgisl\.VirtualBox\VirtualBox.xml" with version "1.12-windows"
00:01:14.288455          Saving settings file "C:\Users\mgisl\VirtualBox VMs\centOs8 Project\centOs8 Project.vbox" with version "1.16-windows"
00:01:14.290615          Saving settings file "C:\Users\mgisl\VirtualBox VMs\centOs8 Project\centOs8 Project.vbox" with version "1.16-windows"
00:01:32.171020          Saving settings file "C:\Users\mgisl\VirtualBox VMs\centOs8 Project\centOs8 Project.vbox" with version "1.16-windows"
00:01:34.850799          Launched VM: 69756608 pid: 17320 (0x43a8) frontend: GUI/Qt name: centOs8 Project
00:01:39.271296          ERROR [COM]: aRC=VBOX_E_OBJECT_NOT_FOUND (0x80bb0001) aIID={70401eef-c8e9-466b-9660-45cb3e9979e4} aComponent={ExtPackManagerWrap} aText={No extension pack by the name 'Oracle VM VirtualBox Extension Pack' was found}, preserve=false aResultDetail=0
00:01:39.511176          ERROR [COM]: aRC=VBOX_E_IPRT_ERROR (0x80bb0005) aIID={85632c68-b5bb-4316-a900-5eb28d3413df} aComponent={SessionMachine} aText={Saved screenshot data is not available (VERR_NOT_SUPPORTED)}, preserve=false aResultDetail=-37
00:03:43.701019          Saving settings file "C:\Users\mgisl\VirtualBox VMs\centOs8 Project\centOs8 Project.vbox" with version "1.16-windows"
00:03:43.725695          Saving settings file "C:\Users\mgisl\VirtualBox VMs\centOs8 Project\centOs8 Project.vbox" with version "1.16-windows"
00:03:44.325807          Saving settings file "C:\Users\mgisl\VirtualBox VMs\centOs8 Project\centOs8 Project.vbox" with version "1.16-windows"
00:03:52.668317          Saving settings file "C:\Users\mgisl\.VirtualBox\VirtualBox.xml" with version "1.12-windows"
00:03:56.692615          Saving settings file "C:\Users\mgisl\.VirtualBox\VirtualBox.xml" with version "1.12-windows"
00:04:02.205329 main     VirtualBox: object deletion starts
00:04:02.205917 main     HostDnsMonitor: shutting down ...
00:04:02.205993 main     HostDnsMonitor: shut down
00:04:02.207779 Watcher  ERROR [COM]: aRC=E_ACCESSDENIED (0x80070005) aIID={d0a0163f-e254-4e5b-a1f2-011cf991c38d} aComponent={VirtualBoxWrap} aText={The object is not ready}, preserve=false aResultDetail=0
00:04:02.208027 main     VirtualBox: object deleted
